  FirstPage.cpp
d:\cranfield work\groupproject\vs_gui\vs_gui\firstpage.cpp(82): warning C4244: '=': conversion from 'double' to '_Tp', possible loss of data
          with
          [
              _Tp=int
          ]
d:\cranfield work\groupproject\vs_gui\vs_gui\firstpage.cpp(86): warning C4244: '=': conversion from 'double' to 'int', possible loss of data
d:\cranfield work\groupproject\vs_gui\vs_gui\firstpage.cpp(242): warning C4244: 'argument': conversion from 'double' to '_Tp', possible loss of data
          with
          [
              _Tp=int
          ]
d:\cranfield work\groupproject\vs_gui\vs_gui\firstpage.cpp(244): warning C4244: 'initializing': conversion from 'double' to 'int', possible loss of data
d:\cranfield work\groupproject\vs_gui\vs_gui\firstpage.cpp(267): warning C4244: 'initializing': conversion from 'double' to 'int', possible loss of data
d:\cranfield work\groupproject\vs_gui\vs_gui\firstpage.cpp(359): warning C4267: '=': conversion from 'size_t' to 'int', possible loss of data
d:\opencvcranfield\opencv\build\include\opencv2\core\cvstd.hpp(575): warning C4793: 'cv::String::String': function compiled as native:
  	Found an intrinsic not supported in managed code
d:\opencvcranfield\opencv\build\include\opencv2\core\cuda.inl.hpp(105): warning C4793: 'cv::cuda::GpuMat::GpuMat': function compiled as native:
  	Found an intrinsic not supported in managed code
d:\opencvcranfield\opencv\build\include\opencv2\core\cuda.inl.hpp(395): warning C4793: 'cv::cuda::HostMem::HostMem': function compiled as native:
  	Found an intrinsic not supported in managed code
d:\opencvcranfield\opencv\build\include\opencv2\core\mat.inl.hpp(483): warning C4793: 'cv::Mat::Mat': function compiled as native:
  	Found an intrinsic not supported in managed code
d:\opencvcranfield\opencv\build\include\opencv2\core\mat.inl.hpp(807): warning C4793: 'cv::Mat::release': function compiled as native:
  	Found an intrinsic not supported in managed code
d:\opencvcranfield\opencv\build\include\opencv2\core\mat.inl.hpp(2141): warning C4793: 'cv::SparseMat::addref': function compiled as native:
  	Found an intrinsic not supported in managed code
d:\opencvcranfield\opencv\build\include\opencv2\core\mat.inl.hpp(3741): warning C4793: 'cv::UMat::addref': function compiled as native:
  	Found an intrinsic not supported in managed code
d:\opencvcranfield\opencv\build\include\opencv2\core\ptr.inl.hpp(67): warning C4793: 'cv::detail::PtrOwner::incRef': function compiled as native:
  	Found an intrinsic not supported in managed code
d:\opencvcranfield\opencv\build\include\opencv2\core\ptr.inl.hpp(72): warning C4793: 'cv::detail::PtrOwner::decRef': function compiled as native:
  	Found an intrinsic not supported in managed code
d:\opencvcranfield\opencv\build\include\opencv2\core\cvstd.hpp(657): warning C4793: 'cv::String::operator=': function compiled as native:
  	Found an intrinsic not supported in managed code
  FirstPage.obj : MSIL module encountered; incremental linking is disabled for MSIL; performing full link
  VS_GUI.vcxproj -> D:\Cranfield work\GroupProject\VS_GUI\x64\Debug\VS_GUI.exe
