  FirstPage.cpp
d:\cranfield work\groupproject\vs_gui\vs_gui\firstpage.cpp(129): warning C4244: '=': conversion from 'double' to '_Tp', possible loss of data
          with
          [
              _Tp=int
          ]
d:\cranfield work\groupproject\vs_gui\vs_gui\firstpage.cpp(133): warning C4244: '=': conversion from 'double' to 'int', possible loss of data
d:\cranfield work\groupproject\vs_gui\vs_gui\firstpage.cpp(283): warning C4018: '<': signed/unsigned mismatch
d:\cranfield work\groupproject\vs_gui\vs_gui\firstpage.cpp(286): warning C4244: 'argument': conversion from 'double' to '_Tp', possible loss of data
          with
          [
              _Tp=int
          ]
d:\cranfield work\groupproject\vs_gui\vs_gui\firstpage.cpp(288): warning C4244: 'initializing': conversion from 'double' to 'int', possible loss of data
d:\cranfield work\groupproject\vs_gui\vs_gui\firstpage.cpp(311): warning C4244: 'initializing': conversion from 'double' to 'int', possible loss of data
d:\cranfield work\groupproject\vs_gui\vs_gui\firstpage.cpp(321): warning C4018: '<': signed/unsigned mismatch
d:\cranfield work\groupproject\vs_gui\vs_gui\firstpage.cpp(331): warning C4018: '<': signed/unsigned mismatch
d:\cranfield work\groupproject\vs_gui\vs_gui\firstpage.cpp(343): warning C4018: '<': signed/unsigned mismatch
d:\cranfield work\groupproject\vs_gui\vs_gui\firstpage.cpp(367): warning C4018: '<': signed/unsigned mismatch
d:\cranfield work\groupproject\vs_gui\vs_gui\firstpage.cpp(389): warning C4018: '<': signed/unsigned mismatch
d:\cranfield work\groupproject\vs_gui\vs_gui\firstpage.cpp(397): warning C4018: '<': signed/unsigned mismatch
d:\cranfield work\groupproject\vs_gui\vs_gui\firstpage.cpp(418): warning C4018: '<': signed/unsigned mismatch
  SecondPage.cpp
  Generating Code...
d:\opencvcranfield\opencv\build\include\opencv2\core\cvstd.hpp(575): warning C4793: 'cv::String::String': function compiled as native:
  	Found an intrinsic not supported in managed code
d:\opencvcranfield\opencv\build\include\opencv2\core\cuda.inl.hpp(105): warning C4793: 'cv::cuda::GpuMat::GpuMat': function compiled as native:
  	Found an intrinsic not supported in managed code
d:\opencvcranfield\opencv\build\include\opencv2\core\cuda.inl.hpp(395): warning C4793: 'cv::cuda::HostMem::HostMem': function compiled as native:
  	Found an intrinsic not supported in managed code
d:\opencvcranfield\opencv\build\include\opencv2\core\mat.inl.hpp(483): warning C4793: 'cv::Mat::Mat': function compiled as native:
  	Found an intrinsic not supported in managed code
d:\opencvcranfield\opencv\build\include\opencv2\core\mat.inl.hpp(807): warning C4793: 'cv::Mat::release': function compiled as native:
  	Found an intrinsic not supported in managed code
d:\opencvcranfield\opencv\build\include\opencv2\core\mat.inl.hpp(2141): warning C4793: 'cv::SparseMat::addref': function compiled as native:
  	Found an intrinsic not supported in managed code
d:\opencvcranfield\opencv\build\include\opencv2\core\mat.inl.hpp(3741): warning C4793: 'cv::UMat::addref': function compiled as native:
  	Found an intrinsic not supported in managed code
d:\opencvcranfield\opencv\build\include\opencv2\core\ptr.inl.hpp(67): warning C4793: 'cv::detail::PtrOwner::incRef': function compiled as native:
  	Found an intrinsic not supported in managed code
d:\opencvcranfield\opencv\build\include\opencv2\core\ptr.inl.hpp(72): warning C4793: 'cv::detail::PtrOwner::decRef': function compiled as native:
  	Found an intrinsic not supported in managed code
d:\opencvcranfield\opencv\build\include\opencv2\core\cvstd.hpp(657): warning C4793: 'cv::String::operator=': function compiled as native:
  	Found an intrinsic not supported in managed code
  FirstPage.obj : MSIL module encountered; incremental linking is disabled for MSIL; performing full link
opencv_world342d.lib(opencv_world342d.dll) : fatal error LNK1112: module machine type 'x64' conflicts with target machine type 'x86'
